{"/home/lucas/full-stack-open/part5/frontend-bloglist/src/App.jsx": {"path":"/home/lucas/full-stack-open/part5/frontend-bloglist/src/App.jsx","statementMap":{"0":{"start":{"line":10,"column":12},"end":{"line":140,"column":1}},"1":{"start":{"line":11,"column":28},"end":{"line":11,"column":40}},"2":{"start":{"line":12,"column":26},"end":{"line":12,"column":40}},"3":{"start":{"line":13,"column":42},"end":{"line":13,"column":56}},"4":{"start":{"line":15,"column":22},"end":{"line":15,"column":30}},"5":{"start":{"line":17,"column":2},"end":{"line":22,"column":8}},"6":{"start":{"line":18,"column":4},"end":{"line":21,"column":6}},"7":{"start":{"line":19,"column":26},"end":{"line":19,"column":44}},"8":{"start":{"line":20,"column":6},"end":{"line":20,"column":29}},"9":{"start":{"line":24,"column":2},"end":{"line":31,"column":8}},"10":{"start":{"line":25,"column":27},"end":{"line":25,"column":76}},"11":{"start":{"line":26,"column":4},"end":{"line":30,"column":5}},"12":{"start":{"line":27,"column":19},"end":{"line":27,"column":45}},"13":{"start":{"line":28,"column":6},"end":{"line":28,"column":19}},"14":{"start":{"line":29,"column":6},"end":{"line":29,"column":38}},"15":{"start":{"line":33,"column":20},"end":{"line":47,"column":3}},"16":{"start":{"line":34,"column":4},"end":{"line":46,"column":5}},"17":{"start":{"line":35,"column":19},"end":{"line":35,"column":67}},"18":{"start":{"line":37,"column":6},"end":{"line":39,"column":7}},"19":{"start":{"line":41,"column":6},"end":{"line":41,"column":38}},"20":{"start":{"line":42,"column":6},"end":{"line":42,"column":19}},"21":{"start":{"line":43,"column":6},"end":{"line":43,"column":17}},"22":{"start":{"line":45,"column":6},"end":{"line":45,"column":73}},"23":{"start":{"line":49,"column":30},"end":{"line":54,"column":3}},"24":{"start":{"line":50,"column":4},"end":{"line":50,"column":33}},"25":{"start":{"line":51,"column":4},"end":{"line":53,"column":13}},"26":{"start":{"line":52,"column":6},"end":{"line":52,"column":27}},"27":{"start":{"line":56,"column":23},"end":{"line":59,"column":3}},"28":{"start":{"line":57,"column":4},"end":{"line":57,"column":17}},"29":{"start":{"line":58,"column":4},"end":{"line":58,"column":31}},"30":{"start":{"line":61,"column":20},"end":{"line":67,"column":3}},"31":{"start":{"line":62,"column":4},"end":{"line":66,"column":5}},"32":{"start":{"line":69,"column":23},"end":{"line":85,"column":3}},"33":{"start":{"line":70,"column":4},"end":{"line":84,"column":5}},"34":{"start":{"line":87,"column":18},"end":{"line":100,"column":3}},"35":{"start":{"line":88,"column":4},"end":{"line":99,"column":5}},"36":{"start":{"line":89,"column":24},"end":{"line":89,"column":61}},"37":{"start":{"line":90,"column":6},"end":{"line":90,"column":44}},"38":{"start":{"line":91,"column":21},"end":{"line":91,"column":57}},"39":{"start":{"line":92,"column":6},"end":{"line":92,"column":22}},"40":{"start":{"line":93,"column":6},"end":{"line":96,"column":8}},"41":{"start":{"line":98,"column":6},"end":{"line":98,"column":20}},"42":{"start":{"line":102,"column":19},"end":{"line":108,"column":3}},"43":{"start":{"line":103,"column":4},"end":{"line":107,"column":5}},"44":{"start":{"line":104,"column":6},"end":{"line":104,"column":40}},"45":{"start":{"line":106,"column":6},"end":{"line":106,"column":20}},"46":{"start":{"line":110,"column":21},"end":{"line":119,"column":3}},"47":{"start":{"line":111,"column":4},"end":{"line":118,"column":5}},"48":{"start":{"line":112,"column":6},"end":{"line":112,"column":40}},"49":{"start":{"line":113,"column":26},"end":{"line":113,"column":60}},"50":{"start":{"line":114,"column":21},"end":{"line":114,"column":45}},"51":{"start":{"line":115,"column":6},"end":{"line":115,"column":22}},"52":{"start":{"line":117,"column":6},"end":{"line":117,"column":20}},"53":{"start":{"line":121,"column":24},"end":{"line":126,"column":3}},"54":{"start":{"line":122,"column":4},"end":{"line":125,"column":6}},"55":{"start":{"line":123,"column":21},"end":{"line":123,"column":40}},"56":{"start":{"line":124,"column":6},"end":{"line":124,"column":34}},"57":{"start":{"line":129,"column":22},"end":{"line":131,"column":3}},"58":{"start":{"line":130,"column":4},"end":{"line":130,"column":53}},"59":{"start":{"line":130,"column":33},"end":{"line":130,"column":50}},"60":{"start":{"line":133,"column":2},"end":{"line":139,"column":3}},"61":{"start":{"line":142,"column":15},"end":{"line":144,"column":1}},"62":{"start":{"line":143,"column":2},"end":{"line":143,"column":26}},"63":{"start":{"line":146,"column":21},"end":{"line":154,"column":1}},"64":{"start":{"line":147,"column":2},"end":{"line":147,"column":27}},"65":{"start":{"line":147,"column":21},"end":{"line":147,"column":27}},"66":{"start":{"line":149,"column":2},"end":{"line":153,"column":3}}},"fnMap":{"0":{"name":"(anonymous_0)","decl":{"start":{"line":10,"column":12},"end":{"line":10,"column":13}},"loc":{"start":{"line":10,"column":18},"end":{"line":140,"column":1}},"line":10},"1":{"name":"(anonymous_1)","decl":{"start":{"line":17,"column":12},"end":{"line":17,"column":13}},"loc":{"start":{"line":17,"column":18},"end":{"line":22,"column":3}},"line":17},"2":{"name":"(anonymous_2)","decl":{"start":{"line":18,"column":30},"end":{"line":18,"column":31}},"loc":{"start":{"line":18,"column":39},"end":{"line":21,"column":5}},"line":18},"3":{"name":"(anonymous_3)","decl":{"start":{"line":24,"column":12},"end":{"line":24,"column":13}},"loc":{"start":{"line":24,"column":18},"end":{"line":31,"column":3}},"line":24},"4":{"name":"(anonymous_4)","decl":{"start":{"line":33,"column":20},"end":{"line":33,"column":21}},"loc":{"start":{"line":33,"column":50},"end":{"line":47,"column":3}},"line":33},"5":{"name":"(anonymous_5)","decl":{"start":{"line":49,"column":30},"end":{"line":49,"column":31}},"loc":{"start":{"line":49,"column":60},"end":{"line":54,"column":3}},"line":49},"6":{"name":"(anonymous_6)","decl":{"start":{"line":51,"column":15},"end":{"line":51,"column":16}},"loc":{"start":{"line":51,"column":21},"end":{"line":53,"column":5}},"line":51},"7":{"name":"(anonymous_7)","decl":{"start":{"line":56,"column":23},"end":{"line":56,"column":24}},"loc":{"start":{"line":56,"column":29},"end":{"line":59,"column":3}},"line":56},"8":{"name":"(anonymous_8)","decl":{"start":{"line":61,"column":20},"end":{"line":61,"column":21}},"loc":{"start":{"line":61,"column":26},"end":{"line":67,"column":3}},"line":61},"9":{"name":"(anonymous_9)","decl":{"start":{"line":69,"column":23},"end":{"line":69,"column":24}},"loc":{"start":{"line":69,"column":29},"end":{"line":85,"column":3}},"line":69},"10":{"name":"(anonymous_10)","decl":{"start":{"line":87,"column":18},"end":{"line":87,"column":19}},"loc":{"start":{"line":87,"column":37},"end":{"line":100,"column":3}},"line":87},"11":{"name":"(anonymous_11)","decl":{"start":{"line":102,"column":19},"end":{"line":102,"column":20}},"loc":{"start":{"line":102,"column":35},"end":{"line":108,"column":3}},"line":102},"12":{"name":"(anonymous_12)","decl":{"start":{"line":110,"column":21},"end":{"line":110,"column":22}},"loc":{"start":{"line":110,"column":37},"end":{"line":119,"column":3}},"line":110},"13":{"name":"(anonymous_13)","decl":{"start":{"line":121,"column":24},"end":{"line":121,"column":25}},"loc":{"start":{"line":121,"column":38},"end":{"line":126,"column":3}},"line":121},"14":{"name":"(anonymous_14)","decl":{"start":{"line":122,"column":24},"end":{"line":122,"column":25}},"loc":{"start":{"line":122,"column":32},"end":{"line":125,"column":5}},"line":122},"15":{"name":"(anonymous_15)","decl":{"start":{"line":129,"column":22},"end":{"line":129,"column":23}},"loc":{"start":{"line":129,"column":33},"end":{"line":131,"column":3}},"line":129},"16":{"name":"(anonymous_16)","decl":{"start":{"line":130,"column":22},"end":{"line":130,"column":23}},"loc":{"start":{"line":130,"column":33},"end":{"line":130,"column":50}},"line":130},"17":{"name":"(anonymous_17)","decl":{"start":{"line":142,"column":15},"end":{"line":142,"column":16}},"loc":{"start":{"line":142,"column":21},"end":{"line":144,"column":1}},"line":142},"18":{"name":"(anonymous_18)","decl":{"start":{"line":146,"column":21},"end":{"line":146,"column":22}},"loc":{"start":{"line":146,"column":43},"end":{"line":154,"column":1}},"line":146}},"branchMap":{"0":{"loc":{"start":{"line":26,"column":4},"end":{"line":30,"column":5}},"type":"if","locations":[{"start":{"line":26,"column":4},"end":{"line":30,"column":5}},{"start":{},"end":{}}],"line":26},"1":{"loc":{"start":{"line":49,"column":45},"end":{"line":49,"column":55}},"type":"default-arg","locations":[{"start":{"line":49,"column":51},"end":{"line":49,"column":55}}],"line":49},"2":{"loc":{"start":{"line":113,"column":40},"end":{"line":113,"column":59}},"type":"binary-expr","locations":[{"start":{"line":113,"column":40},"end":{"line":113,"column":47}},{"start":{"line":113,"column":51},"end":{"line":113,"column":59}}],"line":113},"3":{"loc":{"start":{"line":123,"column":21},"end":{"line":123,"column":40}},"type":"binary-expr","locations":[{"start":{"line":123,"column":21},"end":{"line":123,"column":28}},{"start":{"line":123,"column":32},"end":{"line":123,"column":40}}],"line":123},"4":{"loc":{"start":{"line":137,"column":7},"end":{"line":137,"column":42}},"type":"cond-expr","locations":[{"start":{"line":137,"column":14},"end":{"line":137,"column":28}},{"start":{"line":137,"column":31},"end":{"line":137,"column":42}}],"line":137},"5":{"loc":{"start":{"line":147,"column":2},"end":{"line":147,"column":27}},"type":"if","locations":[{"start":{"line":147,"column":2},"end":{"line":147,"column":27}},{"start":{},"end":{}}],"line":147}},"s":{"0":0,"1":0,"2":0,"3":0,"4":0,"5":0,"6":0,"7":0,"8":0,"9":0,"10":0,"11":0,"12":0,"13":0,"14":0,"15":0,"16":0,"17":0,"18":0,"19":0,"20":0,"21":0,"22":0,"23":0,"24":0,"25":0,"26":0,"27":0,"28":0,"29":0,"30":0,"31":0,"32":0,"33":0,"34":0,"35":0,"36":0,"37":0,"38":0,"39":0,"40":0,"41":0,"42":0,"43":0,"44":0,"45":0,"46":0,"47":0,"48":0,"49":0,"50":0,"51":0,"52":0,"53":0,"54":0,"55":0,"56":0,"57":0,"58":0,"59":0,"60":0,"61":0,"62":0,"63":0,"64":0,"65":0,"66":0},"f":{"0":0,"1":0,"2":0,"3":0,"4":0,"5":0,"6":0,"7":0,"8":0,"9":0,"10":0,"11":0,"12":0,"13":0,"14":0,"15":0,"16":0,"17":0,"18":0},"b":{"0":[0,0],"1":[0],"2":[0,0],"3":[0,0],"4":[0,0],"5":[0,0]}}
,"/home/lucas/full-stack-open/part5/frontend-bloglist/src/main.jsx": {"path":"/home/lucas/full-stack-open/part5/frontend-bloglist/src/main.jsx","statementMap":{"0":{"start":{"line":4,"column":0},"end":{"line":4,"column":68}}},"fnMap":{},"branchMap":{},"s":{"0":0},"f":{},"b":{}}
,"/home/lucas/full-stack-open/part5/frontend-bloglist/src/components/AddBlogForm.jsx": {"path":"/home/lucas/full-stack-open/part5/frontend-bloglist/src/components/AddBlogForm.jsx","statementMap":{"0":{"start":{"line":3,"column":20},"end":{"line":32,"column":1}},"1":{"start":{"line":4,"column":28},"end":{"line":4,"column":40}},"2":{"start":{"line":5,"column":30},"end":{"line":5,"column":42}},"3":{"start":{"line":6,"column":24},"end":{"line":6,"column":36}},"4":{"start":{"line":8,"column":21},"end":{"line":19,"column":3}},"5":{"start":{"line":9,"column":4},"end":{"line":9,"column":22}},"6":{"start":{"line":11,"column":20},"end":{"line":11,"column":42}},"7":{"start":{"line":13,"column":20},"end":{"line":13,"column":42}},"8":{"start":{"line":14,"column":4},"end":{"line":18,"column":5}},"9":{"start":{"line":15,"column":6},"end":{"line":15,"column":19}},"10":{"start":{"line":16,"column":6},"end":{"line":16,"column":18}},"11":{"start":{"line":17,"column":6},"end":{"line":17,"column":16}},"12":{"start":{"line":21,"column":2},"end":{"line":31,"column":3}},"13":{"start":{"line":34,"column":14},"end":{"line":45,"column":1}},"14":{"start":{"line":35,"column":22},"end":{"line":35,"column":74}},"15":{"start":{"line":37,"column":2},"end":{"line":44,"column":3}},"16":{"start":{"line":42,"column":21},"end":{"line":42,"column":44}}},"fnMap":{"0":{"name":"(anonymous_0)","decl":{"start":{"line":3,"column":20},"end":{"line":3,"column":21}},"loc":{"start":{"line":3,"column":37},"end":{"line":32,"column":1}},"line":3},"1":{"name":"(anonymous_1)","decl":{"start":{"line":8,"column":21},"end":{"line":8,"column":22}},"loc":{"start":{"line":8,"column":34},"end":{"line":19,"column":3}},"line":8},"2":{"name":"(anonymous_2)","decl":{"start":{"line":34,"column":14},"end":{"line":34,"column":15}},"loc":{"start":{"line":34,"column":44},"end":{"line":45,"column":1}},"line":34},"3":{"name":"(anonymous_3)","decl":{"start":{"line":42,"column":16},"end":{"line":42,"column":17}},"loc":{"start":{"line":42,"column":21},"end":{"line":42,"column":44}},"line":42}},"branchMap":{"0":{"loc":{"start":{"line":14,"column":4},"end":{"line":18,"column":5}},"type":"if","locations":[{"start":{"line":14,"column":4},"end":{"line":18,"column":5}},{"start":{},"end":{}}],"line":14}},"s":{"0":1,"1":26,"2":26,"3":26,"4":26,"5":1,"6":1,"7":1,"8":1,"9":0,"10":0,"11":0,"12":26,"13":1,"14":78,"15":78,"16":25},"f":{"0":26,"1":1,"2":78,"3":25},"b":{"0":[0,1]},"_coverageSchema":"1a1c01bbd47fc00a2c39e90264f33305004495a9","hash":"9acc32094e013353e7140dd89e1268512af6af90"}
,"/home/lucas/full-stack-open/part5/frontend-bloglist/src/components/BlogList.jsx": {"path":"/home/lucas/full-stack-open/part5/frontend-bloglist/src/components/BlogList.jsx","statementMap":{"0":{"start":{"line":3,"column":17},"end":{"line":21,"column":1}},"1":{"start":{"line":4,"column":2},"end":{"line":4,"column":20}},"2":{"start":{"line":4,"column":14},"end":{"line":4,"column":20}},"3":{"start":{"line":6,"column":2},"end":{"line":20,"column":3}},"4":{"start":{"line":9,"column":8},"end":{"line":17,"column":9}},"5":{"start":{"line":23,"column":13},"end":{"line":48,"column":1}},"6":{"start":{"line":24,"column":32},"end":{"line":24,"column":47}},"7":{"start":{"line":26,"column":20},"end":{"line":33,"column":3}},"8":{"start":{"line":35,"column":2},"end":{"line":47,"column":3}},"9":{"start":{"line":38,"column":29},"end":{"line":38,"column":49}},"10":{"start":{"line":50,"column":20},"end":{"line":83,"column":1}},"11":{"start":{"line":51,"column":28},"end":{"line":51,"column":48}},"12":{"start":{"line":52,"column":20},"end":{"line":52,"column":45}},"13":{"start":{"line":53,"column":24},"end":{"line":53,"column":45}},"14":{"start":{"line":55,"column":15},"end":{"line":59,"column":3}},"15":{"start":{"line":56,"column":4},"end":{"line":56,"column":19}},"16":{"start":{"line":57,"column":4},"end":{"line":57,"column":24}},"17":{"start":{"line":58,"column":4},"end":{"line":58,"column":23}},"18":{"start":{"line":61,"column":18},"end":{"line":65,"column":3}},"19":{"start":{"line":62,"column":4},"end":{"line":64,"column":5}},"20":{"start":{"line":63,"column":6},"end":{"line":63,"column":28}},"21":{"start":{"line":67,"column":2},"end":{"line":67,"column":22}},"22":{"start":{"line":67,"column":16},"end":{"line":67,"column":22}},"23":{"start":{"line":69,"column":2},"end":{"line":82,"column":3}}},"fnMap":{"0":{"name":"(anonymous_0)","decl":{"start":{"line":3,"column":17},"end":{"line":3,"column":18}},"loc":{"start":{"line":3,"column":60},"end":{"line":21,"column":1}},"line":3},"1":{"name":"(anonymous_1)","decl":{"start":{"line":8,"column":17},"end":{"line":8,"column":18}},"loc":{"start":{"line":8,"column":25},"end":{"line":18,"column":7}},"line":8},"2":{"name":"(anonymous_2)","decl":{"start":{"line":23,"column":13},"end":{"line":23,"column":14}},"loc":{"start":{"line":23,"column":55},"end":{"line":48,"column":1}},"line":23},"3":{"name":"(anonymous_3)","decl":{"start":{"line":38,"column":23},"end":{"line":38,"column":24}},"loc":{"start":{"line":38,"column":29},"end":{"line":38,"column":49}},"line":38},"4":{"name":"(anonymous_4)","decl":{"start":{"line":50,"column":20},"end":{"line":50,"column":21}},"loc":{"start":{"line":50,"column":71},"end":{"line":83,"column":1}},"line":50},"5":{"name":"(anonymous_5)","decl":{"start":{"line":55,"column":15},"end":{"line":55,"column":16}},"loc":{"start":{"line":55,"column":27},"end":{"line":59,"column":3}},"line":55},"6":{"name":"(anonymous_6)","decl":{"start":{"line":61,"column":18},"end":{"line":61,"column":19}},"loc":{"start":{"line":61,"column":30},"end":{"line":65,"column":3}},"line":61}},"branchMap":{"0":{"loc":{"start":{"line":4,"column":2},"end":{"line":4,"column":20}},"type":"if","locations":[{"start":{"line":4,"column":2},"end":{"line":4,"column":20}},{"start":{},"end":{}}],"line":4},"1":{"loc":{"start":{"line":38,"column":52},"end":{"line":38,"column":77}},"type":"cond-expr","locations":[{"start":{"line":38,"column":62},"end":{"line":38,"column":68}},{"start":{"line":38,"column":71},"end":{"line":38,"column":77}}],"line":38},"2":{"loc":{"start":{"line":52,"column":20},"end":{"line":52,"column":45}},"type":"binary-expr","locations":[{"start":{"line":52,"column":20},"end":{"line":52,"column":32}},{"start":{"line":52,"column":36},"end":{"line":52,"column":45}}],"line":52},"3":{"loc":{"start":{"line":62,"column":4},"end":{"line":64,"column":5}},"type":"if","locations":[{"start":{"line":62,"column":4},"end":{"line":64,"column":5}},{"start":{},"end":{}}],"line":62},"4":{"loc":{"start":{"line":67,"column":2},"end":{"line":67,"column":22}},"type":"if","locations":[{"start":{"line":67,"column":2},"end":{"line":67,"column":22}},{"start":{},"end":{}}],"line":67},"5":{"loc":{"start":{"line":74,"column":10},"end":{"line":74,"column":47}},"type":"binary-expr","locations":[{"start":{"line":74,"column":10},"end":{"line":74,"column":30}},{"start":{"line":74,"column":34},"end":{"line":74,"column":47}}],"line":74},"6":{"loc":{"start":{"line":75,"column":7},"end":{"line":79,"column":24}},"type":"binary-expr","locations":[{"start":{"line":75,"column":7},"end":{"line":75,"column":20}},{"start":{"line":76,"column":8},"end":{"line":79,"column":24}}],"line":75}},"s":{"0":2,"1":3,"2":0,"3":3,"4":3,"5":2,"6":5,"7":5,"8":5,"9":2,"10":2,"11":7,"12":7,"13":7,"14":7,"15":2,"16":2,"17":2,"18":7,"19":0,"20":0,"21":7,"22":3,"23":4},"f":{"0":3,"1":3,"2":5,"3":2,"4":7,"5":2,"6":0},"b":{"0":[0,3],"1":[2,3],"2":[7,7],"3":[0,0],"4":[3,4],"5":[4,4],"6":[4,4]},"_coverageSchema":"1a1c01bbd47fc00a2c39e90264f33305004495a9","hash":"733ba0dd726c3eba2f0508b5bbd7efb43b34e1fc"}
,"/home/lucas/full-stack-open/part5/frontend-bloglist/src/components/LoginForm.jsx": {"path":"/home/lucas/full-stack-open/part5/frontend-bloglist/src/components/LoginForm.jsx","statementMap":{"0":{"start":{"line":3,"column":18},"end":{"line":41,"column":1}},"1":{"start":{"line":4,"column":34},"end":{"line":4,"column":46}},"2":{"start":{"line":5,"column":34},"end":{"line":5,"column":46}},"3":{"start":{"line":7,"column":16},"end":{"line":15,"column":3}},"4":{"start":{"line":8,"column":4},"end":{"line":8,"column":26}},"5":{"start":{"line":9,"column":20},"end":{"line":9,"column":55}},"6":{"start":{"line":11,"column":4},"end":{"line":14,"column":26}},"7":{"start":{"line":12,"column":6},"end":{"line":12,"column":21}},"8":{"start":{"line":13,"column":6},"end":{"line":13,"column":21}},"9":{"start":{"line":14,"column":11},"end":{"line":14,"column":26}},"10":{"start":{"line":17,"column":2},"end":{"line":40,"column":3}},"11":{"start":{"line":26,"column":36},"end":{"line":26,"column":61}},"12":{"start":{"line":35,"column":36},"end":{"line":35,"column":61}}},"fnMap":{"0":{"name":"(anonymous_0)","decl":{"start":{"line":3,"column":18},"end":{"line":3,"column":19}},"loc":{"start":{"line":3,"column":37},"end":{"line":41,"column":1}},"line":3},"1":{"name":"(anonymous_1)","decl":{"start":{"line":7,"column":16},"end":{"line":7,"column":17}},"loc":{"start":{"line":7,"column":33},"end":{"line":15,"column":3}},"line":7},"2":{"name":"(anonymous_2)","decl":{"start":{"line":26,"column":20},"end":{"line":26,"column":21}},"loc":{"start":{"line":26,"column":36},"end":{"line":26,"column":61}},"line":26},"3":{"name":"(anonymous_3)","decl":{"start":{"line":35,"column":20},"end":{"line":35,"column":21}},"loc":{"start":{"line":35,"column":36},"end":{"line":35,"column":61}},"line":35}},"branchMap":{"0":{"loc":{"start":{"line":11,"column":4},"end":{"line":14,"column":26}},"type":"if","locations":[{"start":{"line":11,"column":4},"end":{"line":14,"column":26}},{"start":{"line":14,"column":11},"end":{"line":14,"column":26}}],"line":11}},"s":{"0":0,"1":0,"2":0,"3":0,"4":0,"5":0,"6":0,"7":0,"8":0,"9":0,"10":0,"11":0,"12":0},"f":{"0":0,"1":0,"2":0,"3":0},"b":{"0":[0,0]}}
,"/home/lucas/full-stack-open/part5/frontend-bloglist/src/components/Toggable.jsx": {"path":"/home/lucas/full-stack-open/part5/frontend-bloglist/src/components/Toggable.jsx","statementMap":{"0":{"start":{"line":4,"column":17},"end":{"line":29,"column":2}},"1":{"start":{"line":5,"column":32},"end":{"line":5,"column":47}},"2":{"start":{"line":7,"column":26},"end":{"line":7,"column":60}},"3":{"start":{"line":8,"column":26},"end":{"line":8,"column":60}},"4":{"start":{"line":10,"column":27},"end":{"line":12,"column":3}},"5":{"start":{"line":11,"column":4},"end":{"line":11,"column":24}},"6":{"start":{"line":14,"column":2},"end":{"line":16,"column":4}},"7":{"start":{"line":15,"column":4},"end":{"line":15,"column":31}},"8":{"start":{"line":18,"column":2},"end":{"line":28,"column":3}},"9":{"start":{"line":31,"column":0},"end":{"line":31,"column":33}},"10":{"start":{"line":33,"column":0},"end":{"line":35,"column":1}}},"fnMap":{"0":{"name":"(anonymous_0)","decl":{"start":{"line":4,"column":28},"end":{"line":4,"column":29}},"loc":{"start":{"line":4,"column":44},"end":{"line":29,"column":1}},"line":4},"1":{"name":"(anonymous_1)","decl":{"start":{"line":10,"column":27},"end":{"line":10,"column":28}},"loc":{"start":{"line":10,"column":33},"end":{"line":12,"column":3}},"line":10},"2":{"name":"(anonymous_2)","decl":{"start":{"line":14,"column":27},"end":{"line":14,"column":28}},"loc":{"start":{"line":14,"column":33},"end":{"line":16,"column":3}},"line":14}},"branchMap":{"0":{"loc":{"start":{"line":7,"column":37},"end":{"line":7,"column":58}},"type":"cond-expr","locations":[{"start":{"line":7,"column":47},"end":{"line":7,"column":53}},{"start":{"line":7,"column":56},"end":{"line":7,"column":58}}],"line":7},"1":{"loc":{"start":{"line":8,"column":37},"end":{"line":8,"column":58}},"type":"cond-expr","locations":[{"start":{"line":8,"column":47},"end":{"line":8,"column":49}},{"start":{"line":8,"column":52},"end":{"line":8,"column":58}}],"line":8}},"s":{"0":0,"1":0,"2":0,"3":0,"4":0,"5":0,"6":0,"7":0,"8":0,"9":0,"10":0},"f":{"0":0,"1":0,"2":0},"b":{"0":[0,0],"1":[0,0]}}
,"/home/lucas/full-stack-open/part5/frontend-bloglist/src/services/blogs.js": {"path":"/home/lucas/full-stack-open/part5/frontend-bloglist/src/services/blogs.js","statementMap":{"0":{"start":{"line":2,"column":16},"end":{"line":2,"column":28}},"1":{"start":{"line":4,"column":12},"end":{"line":4,"column":16}},"2":{"start":{"line":6,"column":17},"end":{"line":8,"column":1}},"3":{"start":{"line":7,"column":2},"end":{"line":7,"column":30}},"4":{"start":{"line":10,"column":15},"end":{"line":13,"column":1}},"5":{"start":{"line":11,"column":19},"end":{"line":11,"column":43}},"6":{"start":{"line":12,"column":2},"end":{"line":12,"column":22}},"7":{"start":{"line":15,"column":19},"end":{"line":26,"column":1}},"8":{"start":{"line":16,"column":17},"end":{"line":18,"column":5}},"9":{"start":{"line":20,"column":2},"end":{"line":25,"column":3}},"10":{"start":{"line":21,"column":21},"end":{"line":21,"column":63}},"11":{"start":{"line":22,"column":4},"end":{"line":22,"column":24}},"12":{"start":{"line":24,"column":4},"end":{"line":24,"column":18}},"13":{"start":{"line":28,"column":19},"end":{"line":36,"column":1}},"14":{"start":{"line":29,"column":17},"end":{"line":29,"column":36}},"15":{"start":{"line":30,"column":2},"end":{"line":35,"column":3}},"16":{"start":{"line":31,"column":21},"end":{"line":31,"column":66}},"17":{"start":{"line":32,"column":4},"end":{"line":32,"column":24}},"18":{"start":{"line":34,"column":4},"end":{"line":34,"column":18}},"19":{"start":{"line":38,"column":19},"end":{"line":50,"column":1}},"20":{"start":{"line":39,"column":17},"end":{"line":41,"column":5}},"21":{"start":{"line":43,"column":17},"end":{"line":43,"column":36}},"22":{"start":{"line":44,"column":2},"end":{"line":49,"column":3}},"23":{"start":{"line":45,"column":21},"end":{"line":45,"column":71}},"24":{"start":{"line":46,"column":4},"end":{"line":46,"column":24}},"25":{"start":{"line":48,"column":4},"end":{"line":48,"column":18}}},"fnMap":{"0":{"name":"(anonymous_0)","decl":{"start":{"line":6,"column":17},"end":{"line":6,"column":18}},"loc":{"start":{"line":6,"column":29},"end":{"line":8,"column":1}},"line":6},"1":{"name":"(anonymous_1)","decl":{"start":{"line":10,"column":15},"end":{"line":10,"column":16}},"loc":{"start":{"line":10,"column":27},"end":{"line":13,"column":1}},"line":10},"2":{"name":"(anonymous_2)","decl":{"start":{"line":15,"column":19},"end":{"line":15,"column":20}},"loc":{"start":{"line":15,"column":38},"end":{"line":26,"column":1}},"line":15},"3":{"name":"(anonymous_3)","decl":{"start":{"line":28,"column":19},"end":{"line":28,"column":20}},"loc":{"start":{"line":28,"column":35},"end":{"line":36,"column":1}},"line":28},"4":{"name":"(anonymous_4)","decl":{"start":{"line":38,"column":19},"end":{"line":38,"column":20}},"loc":{"start":{"line":38,"column":35},"end":{"line":50,"column":1}},"line":38}},"branchMap":{"0":{"loc":{"start":{"line":29,"column":17},"end":{"line":29,"column":36}},"type":"binary-expr","locations":[{"start":{"line":29,"column":17},"end":{"line":29,"column":24}},{"start":{"line":29,"column":28},"end":{"line":29,"column":36}}],"line":29},"1":{"loc":{"start":{"line":43,"column":17},"end":{"line":43,"column":36}},"type":"binary-expr","locations":[{"start":{"line":43,"column":17},"end":{"line":43,"column":24}},{"start":{"line":43,"column":28},"end":{"line":43,"column":36}}],"line":43}},"s":{"0":0,"1":0,"2":0,"3":0,"4":0,"5":0,"6":0,"7":0,"8":0,"9":0,"10":0,"11":0,"12":0,"13":0,"14":0,"15":0,"16":0,"17":0,"18":0,"19":0,"20":0,"21":0,"22":0,"23":0,"24":0,"25":0},"f":{"0":0,"1":0,"2":0,"3":0,"4":0},"b":{"0":[0,0],"1":[0,0]}}
,"/home/lucas/full-stack-open/part5/frontend-bloglist/src/services/login.js": {"path":"/home/lucas/full-stack-open/part5/frontend-bloglist/src/services/login.js","statementMap":{"0":{"start":{"line":2,"column":16},"end":{"line":2,"column":28}},"1":{"start":{"line":4,"column":14},"end":{"line":7,"column":1}},"2":{"start":{"line":5,"column":19},"end":{"line":5,"column":57}},"3":{"start":{"line":6,"column":2},"end":{"line":6,"column":22}}},"fnMap":{"0":{"name":"(anonymous_0)","decl":{"start":{"line":4,"column":14},"end":{"line":4,"column":15}},"loc":{"start":{"line":4,"column":37},"end":{"line":7,"column":1}},"line":4}},"branchMap":{},"s":{"0":0,"1":0,"2":0,"3":0},"f":{"0":0},"b":{}}
}
