TN:
SF:src/App.jsx
FN:10,(anonymous_0)
FN:17,(anonymous_1)
FN:18,(anonymous_2)
FN:24,(anonymous_3)
FN:33,(anonymous_4)
FN:49,(anonymous_5)
FN:51,(anonymous_6)
FN:56,(anonymous_7)
FN:61,(anonymous_8)
FN:69,(anonymous_9)
FN:87,(anonymous_10)
FN:102,(anonymous_11)
FN:110,(anonymous_12)
FN:121,(anonymous_13)
FN:122,(anonymous_14)
FN:129,(anonymous_15)
FN:130,(anonymous_16)
FN:142,(anonymous_17)
FN:146,(anonymous_18)
FNF:19
FNH:0
FNDA:0,(anonymous_0)
FNDA:0,(anonymous_1)
FNDA:0,(anonymous_2)
FNDA:0,(anonymous_3)
FNDA:0,(anonymous_4)
FNDA:0,(anonymous_5)
FNDA:0,(anonymous_6)
FNDA:0,(anonymous_7)
FNDA:0,(anonymous_8)
FNDA:0,(anonymous_9)
FNDA:0,(anonymous_10)
FNDA:0,(anonymous_11)
FNDA:0,(anonymous_12)
FNDA:0,(anonymous_13)
FNDA:0,(anonymous_14)
FNDA:0,(anonymous_15)
FNDA:0,(anonymous_16)
FNDA:0,(anonymous_17)
FNDA:0,(anonymous_18)
DA:10,0
DA:11,0
DA:12,0
DA:13,0
DA:15,0
DA:17,0
DA:18,0
DA:19,0
DA:20,0
DA:24,0
DA:25,0
DA:26,0
DA:27,0
DA:28,0
DA:29,0
DA:33,0
DA:34,0
DA:35,0
DA:37,0
DA:41,0
DA:42,0
DA:43,0
DA:45,0
DA:49,0
DA:50,0
DA:51,0
DA:52,0
DA:56,0
DA:57,0
DA:58,0
DA:61,0
DA:62,0
DA:69,0
DA:70,0
DA:87,0
DA:88,0
DA:89,0
DA:90,0
DA:91,0
DA:92,0
DA:93,0
DA:98,0
DA:102,0
DA:103,0
DA:104,0
DA:106,0
DA:110,0
DA:111,0
DA:112,0
DA:113,0
DA:114,0
DA:115,0
DA:117,0
DA:121,0
DA:122,0
DA:123,0
DA:124,0
DA:129,0
DA:130,0
DA:133,0
DA:142,0
DA:143,0
DA:146,0
DA:147,0
DA:149,0
LF:65
LH:0
BRDA:26,0,0,0
BRDA:26,0,1,0
BRDA:49,1,0,0
BRDA:113,2,0,0
BRDA:113,2,1,0
BRDA:123,3,0,0
BRDA:123,3,1,0
BRDA:137,4,0,0
BRDA:137,4,1,0
BRDA:147,5,0,0
BRDA:147,5,1,0
BRF:11
BRH:0
end_of_record
TN:
SF:src/main.jsx
FNF:0
FNH:0
DA:4,0
LF:1
LH:0
BRF:0
BRH:0
end_of_record
TN:
SF:src/components/AddBlogForm.jsx
FN:3,(anonymous_0)
FN:8,(anonymous_1)
FN:34,(anonymous_2)
FN:42,(anonymous_3)
FNF:4
FNH:4
FNDA:26,(anonymous_0)
FNDA:1,(anonymous_1)
FNDA:78,(anonymous_2)
FNDA:25,(anonymous_3)
DA:3,1
DA:4,26
DA:5,26
DA:6,26
DA:8,26
DA:9,1
DA:11,1
DA:13,1
DA:14,1
DA:15,0
DA:16,0
DA:17,0
DA:21,26
DA:34,1
DA:35,78
DA:37,78
DA:42,25
LF:17
LH:14
BRDA:14,0,0,0
BRDA:14,0,1,1
BRF:2
BRH:1
end_of_record
TN:
SF:src/components/BlogList.jsx
FN:3,(anonymous_0)
FN:8,(anonymous_1)
FN:23,(anonymous_2)
FN:38,(anonymous_3)
FN:50,(anonymous_4)
FN:55,(anonymous_5)
FN:61,(anonymous_6)
FNF:7
FNH:6
FNDA:3,(anonymous_0)
FNDA:3,(anonymous_1)
FNDA:5,(anonymous_2)
FNDA:2,(anonymous_3)
FNDA:7,(anonymous_4)
FNDA:2,(anonymous_5)
FNDA:0,(anonymous_6)
DA:3,2
DA:4,3
DA:6,3
DA:9,3
DA:23,2
DA:24,5
DA:26,5
DA:35,5
DA:38,2
DA:50,2
DA:51,7
DA:52,7
DA:53,7
DA:55,7
DA:56,2
DA:57,2
DA:58,2
DA:61,7
DA:62,0
DA:63,0
DA:67,7
DA:69,4
LF:22
LH:20
BRDA:4,0,0,0
BRDA:4,0,1,3
BRDA:38,1,0,2
BRDA:38,1,1,3
BRDA:52,2,0,7
BRDA:52,2,1,7
BRDA:62,3,0,0
BRDA:62,3,1,0
BRDA:67,4,0,3
BRDA:67,4,1,4
BRDA:74,5,0,4
BRDA:74,5,1,4
BRDA:75,6,0,4
BRDA:75,6,1,4
BRF:14
BRH:11
end_of_record
TN:
SF:src/components/LoginForm.jsx
FN:3,(anonymous_0)
FN:7,(anonymous_1)
FN:26,(anonymous_2)
FN:35,(anonymous_3)
FNF:4
FNH:0
FNDA:0,(anonymous_0)
FNDA:0,(anonymous_1)
FNDA:0,(anonymous_2)
FNDA:0,(anonymous_3)
DA:3,0
DA:4,0
DA:5,0
DA:7,0
DA:8,0
DA:9,0
DA:11,0
DA:12,0
DA:13,0
DA:14,0
DA:17,0
DA:26,0
DA:35,0
LF:13
LH:0
BRDA:11,0,0,0
BRDA:11,0,1,0
BRF:2
BRH:0
end_of_record
TN:
SF:src/components/Toggable.jsx
FN:4,(anonymous_0)
FN:10,(anonymous_1)
FN:14,(anonymous_2)
FNF:3
FNH:0
FNDA:0,(anonymous_0)
FNDA:0,(anonymous_1)
FNDA:0,(anonymous_2)
DA:4,0
DA:5,0
DA:7,0
DA:8,0
DA:10,0
DA:11,0
DA:14,0
DA:15,0
DA:18,0
DA:31,0
DA:33,0
LF:11
LH:0
BRDA:7,0,0,0
BRDA:7,0,1,0
BRDA:8,1,0,0
BRDA:8,1,1,0
BRF:4
BRH:0
end_of_record
TN:
SF:src/services/blogs.js
FN:6,(anonymous_0)
FN:10,(anonymous_1)
FN:15,(anonymous_2)
FN:28,(anonymous_3)
FN:38,(anonymous_4)
FNF:5
FNH:0
FNDA:0,(anonymous_0)
FNDA:0,(anonymous_1)
FNDA:0,(anonymous_2)
FNDA:0,(anonymous_3)
FNDA:0,(anonymous_4)
DA:2,0
DA:4,0
DA:6,0
DA:7,0
DA:10,0
DA:11,0
DA:12,0
DA:15,0
DA:16,0
DA:20,0
DA:21,0
DA:22,0
DA:24,0
DA:28,0
DA:29,0
DA:30,0
DA:31,0
DA:32,0
DA:34,0
DA:38,0
DA:39,0
DA:43,0
DA:44,0
DA:45,0
DA:46,0
DA:48,0
LF:26
LH:0
BRDA:29,0,0,0
BRDA:29,0,1,0
BRDA:43,1,0,0
BRDA:43,1,1,0
BRF:4
BRH:0
end_of_record
TN:
SF:src/services/login.js
FN:4,(anonymous_0)
FNF:1
FNH:0
FNDA:0,(anonymous_0)
DA:2,0
DA:4,0
DA:5,0
DA:6,0
LF:4
LH:0
BRF:0
BRH:0
end_of_record
